[2020-12-31 15:35:14,813] [p24104] [/home/shishang/Desktop/Projects/3DDFA/training/train.py:80] [INFO] workers: 0
[2020-12-31 15:35:14,813] [p24104] [/home/shishang/Desktop/Projects/3DDFA/training/train.py:80] [INFO] epochs: 40
[2020-12-31 15:35:14,813] [p24104] [/home/shishang/Desktop/Projects/3DDFA/training/train.py:80] [INFO] start_epoch: 1
[2020-12-31 15:35:14,813] [p24104] [/home/shishang/Desktop/Projects/3DDFA/training/train.py:80] [INFO] batch_size: 128
[2020-12-31 15:35:14,813] [p24104] [/home/shishang/Desktop/Projects/3DDFA/training/train.py:80] [INFO] val_batch_size: 32
[2020-12-31 15:35:14,813] [p24104] [/home/shishang/Desktop/Projects/3DDFA/training/train.py:80] [INFO] base_lr: 0.001
[2020-12-31 15:35:14,813] [p24104] [/home/shishang/Desktop/Projects/3DDFA/training/train.py:80] [INFO] momentum: 0.9
[2020-12-31 15:35:14,813] [p24104] [/home/shishang/Desktop/Projects/3DDFA/training/train.py:80] [INFO] weight_decay: 0.0005
[2020-12-31 15:35:14,813] [p24104] [/home/shishang/Desktop/Projects/3DDFA/training/train.py:80] [INFO] print_freq: 20
[2020-12-31 15:35:14,813] [p24104] [/home/shishang/Desktop/Projects/3DDFA/training/train.py:80] [INFO] resume: False
[2020-12-31 15:35:14,813] [p24104] [/home/shishang/Desktop/Projects/3DDFA/training/train.py:80] [INFO] devices_id: [0]
[2020-12-31 15:35:14,813] [p24104] [/home/shishang/Desktop/Projects/3DDFA/training/train.py:80] [INFO] filelists_train: ../train.configs/train_aug_120x120.list.train
[2020-12-31 15:35:14,813] [p24104] [/home/shishang/Desktop/Projects/3DDFA/training/train.py:80] [INFO] filelists_val: ../train.configs/train_aug_120x120.list.val
[2020-12-31 15:35:14,813] [p24104] [/home/shishang/Desktop/Projects/3DDFA/training/train.py:80] [INFO] root: /home/shishang/Desktop/datasets/ALFW/train_aug_120x120
[2020-12-31 15:35:14,813] [p24104] [/home/shishang/Desktop/Projects/3DDFA/training/train.py:80] [INFO] snapshot: 
[2020-12-31 15:35:14,813] [p24104] [/home/shishang/Desktop/Projects/3DDFA/training/train.py:80] [INFO] log_file: output.log
[2020-12-31 15:35:14,813] [p24104] [/home/shishang/Desktop/Projects/3DDFA/training/train.py:80] [INFO] log_mode: w
[2020-12-31 15:35:14,813] [p24104] [/home/shishang/Desktop/Projects/3DDFA/training/train.py:80] [INFO] size_average: True
[2020-12-31 15:35:14,813] [p24104] [/home/shishang/Desktop/Projects/3DDFA/training/train.py:80] [INFO] num_classes: 62
[2020-12-31 15:35:14,813] [p24104] [/home/shishang/Desktop/Projects/3DDFA/training/train.py:80] [INFO] arch: mynet
[2020-12-31 15:35:14,813] [p24104] [/home/shishang/Desktop/Projects/3DDFA/training/train.py:80] [INFO] frozen: False
[2020-12-31 15:35:14,813] [p24104] [/home/shishang/Desktop/Projects/3DDFA/training/train.py:80] [INFO] milestones: [15, 25, 30]
[2020-12-31 15:35:14,813] [p24104] [/home/shishang/Desktop/Projects/3DDFA/training/train.py:80] [INFO] task: all
[2020-12-31 15:35:14,813] [p24104] [/home/shishang/Desktop/Projects/3DDFA/training/train.py:80] [INFO] test_initial: False
[2020-12-31 15:35:14,813] [p24104] [/home/shishang/Desktop/Projects/3DDFA/training/train.py:80] [INFO] warmup: -1
[2020-12-31 15:35:14,813] [p24104] [/home/shishang/Desktop/Projects/3DDFA/training/train.py:80] [INFO] param_fp_train: ../train.configs/param_all_norm.pkl
[2020-12-31 15:35:14,813] [p24104] [/home/shishang/Desktop/Projects/3DDFA/training/train.py:80] [INFO] param_fp_val: ../train.configs/param_all_norm_val.pkl
[2020-12-31 15:35:14,813] [p24104] [/home/shishang/Desktop/Projects/3DDFA/training/train.py:80] [INFO] opt_style: resample
[2020-12-31 15:35:14,814] [p24104] [/home/shishang/Desktop/Projects/3DDFA/training/train.py:80] [INFO] resample_num: 132
[2020-12-31 15:35:14,814] [p24104] [/home/shishang/Desktop/Projects/3DDFA/training/train.py:80] [INFO] loss: wpdc
[2020-12-31 15:35:17,508] [p24104] [/home/shishang/Desktop/Projects/3DDFA/training/train.py:202] [INFO] Use WPDC Loss
[2020-12-31 15:35:17,508] [p24104] [/home/shishang/Desktop/Projects/3DDFA/training/train.py:227] [INFO] => no checkpoint found at False
[2020-12-31 15:35:19,849] [p24104] [/home/shishang/Desktop/Projects/3DDFA/training/train.py:147] [INFO] Epoch: [1][0/4970]	LR: 0.001000	Time 1.987 (1.987)	Loss 0.1381 (0.1381)
[2020-12-31 15:35:33,824] [p24104] [/home/shishang/Desktop/Projects/3DDFA/training/train.py:147] [INFO] Epoch: [1][20/4970]	LR: 0.001000	Time 0.548 (0.760)	Loss 0.1549 (0.1443)
